Logfile initialized
[INFO] logfile = /Users/vjoshi/Documents/Titanium Studio Workspace/ACSAndroidPushNotificationDemo/build.log
[DEBUG] /Users/vjoshi/Library/Application Support/Titanium/mobilesdk/osx/2.0.2.GA/android/builder.py simulator AndroidPushNotification /Applications/android-sdk-macosx /Users/vjoshi/Documents/Titanium Studio Workspace/ACSAndroidPushNotificationDemo com.appcelerator.demo.push 8 WVGA854 
[INFO] Building AndroidPushNotification for Android ... one moment
[INFO] Titanium SDK version: 2.0.2 (05/30/12 10:21 2ff31a3)
[DEBUG] Waiting for device to be ready ...
[TRACE] adb devices returned 1 devices/emulators
[DEBUG] Device connected... (waited 0 seconds)
[DEBUG] waited 0.045510 seconds on emulator to get ready
[DEBUG] com.appcelerator.demo.push installed? True
[INFO] Fastdev server running, deploying in Fastdev mode
[INFO] Copying CommonJS modules...
[INFO] Copying project resources..
[TRACE] COPYING CREATED FILE: /Users/vjoshi/Documents/Titanium Studio Workspace/ACSAndroidPushNotificationDemo/Resources/sound/tone.wav => /Users/vjoshi/Documents/Titanium Studio Workspace/ACSAndroidPushNotificationDemo/build/android/bin/assets/Resources/sound/tone.wav
[INFO] Tiapp.xml unchanged, skipping class generation
[DEBUG] Processing Android resource drawables
[DEBUG] found special platform files dir = /Users/vjoshi/Documents/Titanium Studio Workspace/ACSAndroidPushNotificationDemo/platform/android
[INFO] Copying platform-specific files ...
[DEBUG] found drawable-long-land-hdpi splash screen at /Users/vjoshi/Documents/Titanium Studio Workspace/ACSAndroidPushNotificationDemo/Resources/android/images/res-long-land-hdpi/default.png
[DEBUG] found drawable-long-land-ldpi splash screen at /Users/vjoshi/Documents/Titanium Studio Workspace/ACSAndroidPushNotificationDemo/Resources/android/images/res-long-land-ldpi/default.png
[DEBUG] found drawable-long-port-hdpi splash screen at /Users/vjoshi/Documents/Titanium Studio Workspace/ACSAndroidPushNotificationDemo/Resources/android/images/res-long-port-hdpi/default.png
[DEBUG] found drawable-long-port-ldpi splash screen at /Users/vjoshi/Documents/Titanium Studio Workspace/ACSAndroidPushNotificationDemo/Resources/android/images/res-long-port-ldpi/default.png
[DEBUG] found drawable-notlong-land-hdpi splash screen at /Users/vjoshi/Documents/Titanium Studio Workspace/ACSAndroidPushNotificationDemo/Resources/android/images/res-notlong-land-hdpi/default.png
[DEBUG] found drawable-notlong-land-ldpi splash screen at /Users/vjoshi/Documents/Titanium Studio Workspace/ACSAndroidPushNotificationDemo/Resources/android/images/res-notlong-land-ldpi/default.png
[DEBUG] found drawable-notlong-land-mdpi splash screen at /Users/vjoshi/Documents/Titanium Studio Workspace/ACSAndroidPushNotificationDemo/Resources/android/images/res-notlong-land-mdpi/default.png
[DEBUG] found drawable-notlong-port-hdpi splash screen at /Users/vjoshi/Documents/Titanium Studio Workspace/ACSAndroidPushNotificationDemo/Resources/android/images/res-notlong-port-hdpi/default.png
[DEBUG] found drawable-notlong-port-ldpi splash screen at /Users/vjoshi/Documents/Titanium Studio Workspace/ACSAndroidPushNotificationDemo/Resources/android/images/res-notlong-port-ldpi/default.png
[DEBUG] found drawable-notlong-port-mdpi splash screen at /Users/vjoshi/Documents/Titanium Studio Workspace/ACSAndroidPushNotificationDemo/Resources/android/images/res-notlong-port-mdpi/default.png
[INFO] Waiting for SDCard to become available..
[INFO] Re-launching application ... AndroidPushNotification
[INFO] Launching application ... AndroidPushNotification
[TRACE] Launch output: Starting: Intent { act=android.intent.action.MAIN cat=[android.intent.category.LAUNCHER] cmp=com.appcelerator.demo.push/.AndroidpushnotificationActivity }

[INFO] Android Emulator has exited
